[2024-01-01 09:17:41] local.INFO: Detected N+1 Query  
[2024-01-01 09:17:41] local.INFO: Model: App\Models\Hrm\Attendance\Attendance
Relation: user
Num-Called: 10
Call-Stack:
#18 \app\Repositories\Report\AttendanceReportRepository.php:2127
#22 \vendor\laravel\framework\src\Illuminate\Support\Traits\ForwardsCalls.php:23
#23 \vendor\laravel\framework\src\Illuminate\Pagination\AbstractPaginator.php:770
#24 \app\Repositories\Report\AttendanceReportRepository.php:2110
#25 \app\Http\Controllers\Backend\Report\AttendanceReportController.php:153
#26 \vendor\laravel\framework\src\Illuminate\Routing\Controller.php:54
#27 \vendor\laravel\framework\src\Illuminate\Routing\ControllerDispatcher.php:45
#28 \vendor\laravel\framework\src\Illuminate\Routing\Route.php:261
#29 \vendor\laravel\framework\src\Illuminate\Routing\Route.php:205
#30 \vendor\laravel\framework\src\Illuminate\Routing\Router.php:721
#31 \vendor\laravel\framework\src\Illuminate\Pipeline\Pipeline.php:128
#32 \app\Http\Middleware\PermissionCheck.php:22
#33 \vendor\laravel\framework\src\Illuminate\Pipeline\Pipeline.php:167
#34 \app\Http\Middleware\SiteMaintenanceMiddleware.php:21
#35 \vendor\laravel\framework\src\Illuminate\Pipeline\Pipeline.php:167
#36 \app\Http\Middleware\Admin.php:26
#37 \vendor\laravel\framework\src\Illuminate\Pipeline\Pipeline.php:167
#38 \app\Http\Middleware\XSS.php:35
#39 \vendor\laravel\framework\src\Illuminate\Pipeline\Pipeline.php:167
#40 \app\Http\Middleware\Localization.php:22
#41 \vendor\laravel\framework\src\Illuminate\Pipeline\Pipeline.php:167
#42 \vendor\laravel\framework\src\Illuminate\Routing\Middleware\SubstituteBindings.php:50
#43 \vendor\laravel\framework\src\Illuminate\Pipeline\Pipeline.php:167
#44 \vendor\laravel\framework\src\Illuminate\Foundation\Http\Middleware\VerifyCsrfToken.php:78
#45 \vendor\laravel\framework\src\Illuminate\Pipeline\Pipeline.php:167
#46 \vendor\laravel\framework\src\Illuminate\View\Middleware\ShareErrorsFromSession.php:49
#47 \vendor\laravel\framework\src\Illuminate\Pipeline\Pipeline.php:167
#48 \vendor\laravel\framework\src\Illuminate\Session\Middleware\StartSession.php:121
#49 \vendor\laravel\framework\src\Illuminate\Session\Middleware\StartSession.php:64
  
[2024-01-01 09:17:41] local.INFO: Model: App\Models\User
Relation: department
Num-Called: 10
Call-Stack:
#18 \app\Repositories\Report\AttendanceReportRepository.php:2129
#22 \vendor\laravel\framework\src\Illuminate\Support\Traits\ForwardsCalls.php:23
#23 \vendor\laravel\framework\src\Illuminate\Pagination\AbstractPaginator.php:770
#24 \app\Repositories\Report\AttendanceReportRepository.php:2110
#25 \app\Http\Controllers\Backend\Report\AttendanceReportController.php:153
#26 \vendor\laravel\framework\src\Illuminate\Routing\Controller.php:54
#27 \vendor\laravel\framework\src\Illuminate\Routing\ControllerDispatcher.php:45
#28 \vendor\laravel\framework\src\Illuminate\Routing\Route.php:261
#29 \vendor\laravel\framework\src\Illuminate\Routing\Route.php:205
#30 \vendor\laravel\framework\src\Illuminate\Routing\Router.php:721
#31 \vendor\laravel\framework\src\Illuminate\Pipeline\Pipeline.php:128
#32 \app\Http\Middleware\PermissionCheck.php:22
#33 \vendor\laravel\framework\src\Illuminate\Pipeline\Pipeline.php:167
#34 \app\Http\Middleware\SiteMaintenanceMiddleware.php:21
#35 \vendor\laravel\framework\src\Illuminate\Pipeline\Pipeline.php:167
#36 \app\Http\Middleware\Admin.php:26
#37 \vendor\laravel\framework\src\Illuminate\Pipeline\Pipeline.php:167
#38 \app\Http\Middleware\XSS.php:35
#39 \vendor\laravel\framework\src\Illuminate\Pipeline\Pipeline.php:167
#40 \app\Http\Middleware\Localization.php:22
#41 \vendor\laravel\framework\src\Illuminate\Pipeline\Pipeline.php:167
#42 \vendor\laravel\framework\src\Illuminate\Routing\Middleware\SubstituteBindings.php:50
#43 \vendor\laravel\framework\src\Illuminate\Pipeline\Pipeline.php:167
#44 \vendor\laravel\framework\src\Illuminate\Foundation\Http\Middleware\VerifyCsrfToken.php:78
#45 \vendor\laravel\framework\src\Illuminate\Pipeline\Pipeline.php:167
#46 \vendor\laravel\framework\src\Illuminate\View\Middleware\ShareErrorsFromSession.php:49
#47 \vendor\laravel\framework\src\Illuminate\Pipeline\Pipeline.php:167
#48 \vendor\laravel\framework\src\Illuminate\Session\Middleware\StartSession.php:121
#49 \vendor\laravel\framework\src\Illuminate\Session\Middleware\StartSession.php:64
  
[2024-01-01 09:58:23] local.INFO: Detected N+1 Query  
[2024-01-01 09:58:23] local.INFO: Model: App\Models\Hrm\Attendance\Attendance
Relation: user
Num-Called: 9
Call-Stack:
#18 \storage\framework\views\8dfac622e118b9dc319b848275382833d75b12d4.php:56
#20 \vendor\laravel\framework\src\Illuminate\Filesystem\Filesystem.php:108
#21 \vendor\laravel\framework\src\Illuminate\View\Engines\PhpEngine.php:58
#22 \vendor\laravel\framework\src\Illuminate\View\Engines\CompilerEngine.php:61
#23 \vendor\facade\ignition\src\Views\Engines\CompilerEngine.php:37
#24 \vendor\laravel\framework\src\Illuminate\View\View.php:139
#25 \vendor\laravel\framework\src\Illuminate\View\View.php:122
#26 \vendor\laravel\framework\src\Illuminate\View\View.php:91
#27 \vendor\laravel\framework\src\Illuminate\Http\Response.php:69
#28 \vendor\laravel\framework\src\Illuminate\Http\Response.php:35
#29 \vendor\laravel\framework\src\Illuminate\Routing\Router.php:820
#30 \vendor\laravel\framework\src\Illuminate\Routing\Router.php:789
#31 \vendor\laravel\framework\src\Illuminate\Routing\Router.php:720
#32 \vendor\laravel\framework\src\Illuminate\Pipeline\Pipeline.php:128
#33 \app\Http\Middleware\Localization.php:22
#34 \vendor\laravel\framework\src\Illuminate\Pipeline\Pipeline.php:167
#35 \vendor\laravel\framework\src\Illuminate\Routing\Middleware\SubstituteBindings.php:50
#36 \vendor\laravel\framework\src\Illuminate\Pipeline\Pipeline.php:167
#37 \vendor\laravel\framework\src\Illuminate\Foundation\Http\Middleware\VerifyCsrfToken.php:78
#38 \vendor\laravel\framework\src\Illuminate\Pipeline\Pipeline.php:167
#39 \vendor\laravel\framework\src\Illuminate\View\Middleware\ShareErrorsFromSession.php:49
#40 \vendor\laravel\framework\src\Illuminate\Pipeline\Pipeline.php:167
#41 \vendor\laravel\framework\src\Illuminate\Session\Middleware\StartSession.php:121
#42 \vendor\laravel\framework\src\Illuminate\Session\Middleware\StartSession.php:64
#43 \vendor\laravel\framework\src\Illuminate\Pipeline\Pipeline.php:167
#44 \vendor\laravel\framework\src\Illuminate\Cookie\Middleware\AddQueuedCookiesToResponse.php:37
#45 \vendor\laravel\framework\src\Illuminate\Pipeline\Pipeline.php:167
#46 \vendor\laravel\framework\src\Illuminate\Cookie\Middleware\EncryptCookies.php:67
#47 \vendor\laravel\framework\src\Illuminate\Pipeline\Pipeline.php:167
#48 \vendor\laravel\framework\src\Illuminate\Pipeline\Pipeline.php:103
#49 \vendor\laravel\framework\src\Illuminate\Routing\Router.php:719
  
[2024-01-01 10:03:26] local.INFO: Detected N+1 Query  
[2024-01-01 10:03:26] local.INFO: Model: App\Models\Hrm\Attendance\Attendance
Relation: user
Num-Called: 9
Call-Stack:
#18 \storage\framework\views\8dfac622e118b9dc319b848275382833d75b12d4.php:56
#20 \vendor\laravel\framework\src\Illuminate\Filesystem\Filesystem.php:108
#21 \vendor\laravel\framework\src\Illuminate\View\Engines\PhpEngine.php:58
#22 \vendor\laravel\framework\src\Illuminate\View\Engines\CompilerEngine.php:61
#23 \vendor\facade\ignition\src\Views\Engines\CompilerEngine.php:37
#24 \vendor\laravel\framework\src\Illuminate\View\View.php:139
#25 \vendor\laravel\framework\src\Illuminate\View\View.php:122
#26 \vendor\laravel\framework\src\Illuminate\View\View.php:91
#27 \vendor\laravel\framework\src\Illuminate\Http\Response.php:69
#28 \vendor\laravel\framework\src\Illuminate\Http\Response.php:35
#29 \vendor\laravel\framework\src\Illuminate\Routing\Router.php:820
#30 \vendor\laravel\framework\src\Illuminate\Routing\Router.php:789
#31 \vendor\laravel\framework\src\Illuminate\Routing\Router.php:720
#32 \vendor\laravel\framework\src\Illuminate\Pipeline\Pipeline.php:128
#33 \app\Http\Middleware\Localization.php:22
#34 \vendor\laravel\framework\src\Illuminate\Pipeline\Pipeline.php:167
#35 \vendor\laravel\framework\src\Illuminate\Routing\Middleware\SubstituteBindings.php:50
#36 \vendor\laravel\framework\src\Illuminate\Pipeline\Pipeline.php:167
#37 \vendor\laravel\framework\src\Illuminate\Foundation\Http\Middleware\VerifyCsrfToken.php:78
#38 \vendor\laravel\framework\src\Illuminate\Pipeline\Pipeline.php:167
#39 \vendor\laravel\framework\src\Illuminate\View\Middleware\ShareErrorsFromSession.php:49
#40 \vendor\laravel\framework\src\Illuminate\Pipeline\Pipeline.php:167
#41 \vendor\laravel\framework\src\Illuminate\Session\Middleware\StartSession.php:121
#42 \vendor\laravel\framework\src\Illuminate\Session\Middleware\StartSession.php:64
#43 \vendor\laravel\framework\src\Illuminate\Pipeline\Pipeline.php:167
#44 \vendor\laravel\framework\src\Illuminate\Cookie\Middleware\AddQueuedCookiesToResponse.php:37
#45 \vendor\laravel\framework\src\Illuminate\Pipeline\Pipeline.php:167
#46 \vendor\laravel\framework\src\Illuminate\Cookie\Middleware\EncryptCookies.php:67
#47 \vendor\laravel\framework\src\Illuminate\Pipeline\Pipeline.php:167
#48 \vendor\laravel\framework\src\Illuminate\Pipeline\Pipeline.php:103
#49 \vendor\laravel\framework\src\Illuminate\Routing\Router.php:719
  
[2024-01-01 10:09:29] local.INFO: Detected N+1 Query  
[2024-01-01 10:09:29] local.INFO: Model: App\Models\Hrm\Attendance\Attendance
Relation: user
Num-Called: 9
Call-Stack:
#18 \storage\framework\views\8dfac622e118b9dc319b848275382833d75b12d4.php:56
#20 \vendor\laravel\framework\src\Illuminate\Filesystem\Filesystem.php:108
#21 \vendor\laravel\framework\src\Illuminate\View\Engines\PhpEngine.php:58
#22 \vendor\laravel\framework\src\Illuminate\View\Engines\CompilerEngine.php:61
#23 \vendor\facade\ignition\src\Views\Engines\CompilerEngine.php:37
#24 \vendor\laravel\framework\src\Illuminate\View\View.php:139
#25 \vendor\laravel\framework\src\Illuminate\View\View.php:122
#26 \vendor\laravel\framework\src\Illuminate\View\View.php:91
#27 \vendor\laravel\framework\src\Illuminate\Http\Response.php:69
#28 \vendor\laravel\framework\src\Illuminate\Http\Response.php:35
#29 \vendor\laravel\framework\src\Illuminate\Routing\Router.php:820
#30 \vendor\laravel\framework\src\Illuminate\Routing\Router.php:789
#31 \vendor\laravel\framework\src\Illuminate\Routing\Router.php:720
#32 \vendor\laravel\framework\src\Illuminate\Pipeline\Pipeline.php:128
#33 \app\Http\Middleware\Localization.php:22
#34 \vendor\laravel\framework\src\Illuminate\Pipeline\Pipeline.php:167
#35 \vendor\laravel\framework\src\Illuminate\Routing\Middleware\SubstituteBindings.php:50
#36 \vendor\laravel\framework\src\Illuminate\Pipeline\Pipeline.php:167
#37 \vendor\laravel\framework\src\Illuminate\Foundation\Http\Middleware\VerifyCsrfToken.php:78
#38 \vendor\laravel\framework\src\Illuminate\Pipeline\Pipeline.php:167
#39 \vendor\laravel\framework\src\Illuminate\View\Middleware\ShareErrorsFromSession.php:49
#40 \vendor\laravel\framework\src\Illuminate\Pipeline\Pipeline.php:167
#41 \vendor\laravel\framework\src\Illuminate\Session\Middleware\StartSession.php:121
#42 \vendor\laravel\framework\src\Illuminate\Session\Middleware\StartSession.php:64
#43 \vendor\laravel\framework\src\Illuminate\Pipeline\Pipeline.php:167
#44 \vendor\laravel\framework\src\Illuminate\Cookie\Middleware\AddQueuedCookiesToResponse.php:37
#45 \vendor\laravel\framework\src\Illuminate\Pipeline\Pipeline.php:167
#46 \vendor\laravel\framework\src\Illuminate\Cookie\Middleware\EncryptCookies.php:67
#47 \vendor\laravel\framework\src\Illuminate\Pipeline\Pipeline.php:167
#48 \vendor\laravel\framework\src\Illuminate\Pipeline\Pipeline.php:103
#49 \vendor\laravel\framework\src\Illuminate\Routing\Router.php:719
  
[2024-01-01 10:09:54] local.INFO: Detected N+1 Query  
[2024-01-01 10:09:54] local.INFO: Model: App\Models\Hrm\Attendance\Attendance
Relation: user
Num-Called: 9
Call-Stack:
#18 \storage\framework\views\8dfac622e118b9dc319b848275382833d75b12d4.php:56
#20 \vendor\laravel\framework\src\Illuminate\Filesystem\Filesystem.php:108
#21 \vendor\laravel\framework\src\Illuminate\View\Engines\PhpEngine.php:58
#22 \vendor\laravel\framework\src\Illuminate\View\Engines\CompilerEngine.php:61
#23 \vendor\facade\ignition\src\Views\Engines\CompilerEngine.php:37
#24 \vendor\laravel\framework\src\Illuminate\View\View.php:139
#25 \vendor\laravel\framework\src\Illuminate\View\View.php:122
#26 \vendor\laravel\framework\src\Illuminate\View\View.php:91
#27 \vendor\laravel\framework\src\Illuminate\Http\Response.php:69
#28 \vendor\laravel\framework\src\Illuminate\Http\Response.php:35
#29 \vendor\laravel\framework\src\Illuminate\Routing\Router.php:820
#30 \vendor\laravel\framework\src\Illuminate\Routing\Router.php:789
#31 \vendor\laravel\framework\src\Illuminate\Routing\Router.php:720
#32 \vendor\laravel\framework\src\Illuminate\Pipeline\Pipeline.php:128
#33 \app\Http\Middleware\Localization.php:22
#34 \vendor\laravel\framework\src\Illuminate\Pipeline\Pipeline.php:167
#35 \vendor\laravel\framework\src\Illuminate\Routing\Middleware\SubstituteBindings.php:50
#36 \vendor\laravel\framework\src\Illuminate\Pipeline\Pipeline.php:167
#37 \vendor\laravel\framework\src\Illuminate\Foundation\Http\Middleware\VerifyCsrfToken.php:78
#38 \vendor\laravel\framework\src\Illuminate\Pipeline\Pipeline.php:167
#39 \vendor\laravel\framework\src\Illuminate\View\Middleware\ShareErrorsFromSession.php:49
#40 \vendor\laravel\framework\src\Illuminate\Pipeline\Pipeline.php:167
#41 \vendor\laravel\framework\src\Illuminate\Session\Middleware\StartSession.php:121
#42 \vendor\laravel\framework\src\Illuminate\Session\Middleware\StartSession.php:64
#43 \vendor\laravel\framework\src\Illuminate\Pipeline\Pipeline.php:167
#44 \vendor\laravel\framework\src\Illuminate\Cookie\Middleware\AddQueuedCookiesToResponse.php:37
#45 \vendor\laravel\framework\src\Illuminate\Pipeline\Pipeline.php:167
#46 \vendor\laravel\framework\src\Illuminate\Cookie\Middleware\EncryptCookies.php:67
#47 \vendor\laravel\framework\src\Illuminate\Pipeline\Pipeline.php:167
#48 \vendor\laravel\framework\src\Illuminate\Pipeline\Pipeline.php:103
#49 \vendor\laravel\framework\src\Illuminate\Routing\Router.php:719
  
[2024-01-01 10:13:59] local.INFO: Detected N+1 Query  
[2024-01-01 10:13:59] local.INFO: Model: App\Models\Hrm\Attendance\Attendance
Relation: user
Num-Called: 9
Call-Stack:
#18 \storage\framework\views\8dfac622e118b9dc319b848275382833d75b12d4.php:56
#20 \vendor\laravel\framework\src\Illuminate\Filesystem\Filesystem.php:108
#21 \vendor\laravel\framework\src\Illuminate\View\Engines\PhpEngine.php:58
#22 \vendor\laravel\framework\src\Illuminate\View\Engines\CompilerEngine.php:61
#23 \vendor\facade\ignition\src\Views\Engines\CompilerEngine.php:37
#24 \vendor\laravel\framework\src\Illuminate\View\View.php:139
#25 \vendor\laravel\framework\src\Illuminate\View\View.php:122
#26 \vendor\laravel\framework\src\Illuminate\View\View.php:91
#27 \vendor\laravel\framework\src\Illuminate\Http\Response.php:69
#28 \vendor\laravel\framework\src\Illuminate\Http\Response.php:35
#29 \vendor\laravel\framework\src\Illuminate\Routing\Router.php:820
#30 \vendor\laravel\framework\src\Illuminate\Routing\Router.php:789
#31 \vendor\laravel\framework\src\Illuminate\Routing\Router.php:720
#32 \vendor\laravel\framework\src\Illuminate\Pipeline\Pipeline.php:128
#33 \app\Http\Middleware\Localization.php:22
#34 \vendor\laravel\framework\src\Illuminate\Pipeline\Pipeline.php:167
#35 \vendor\laravel\framework\src\Illuminate\Routing\Middleware\SubstituteBindings.php:50
#36 \vendor\laravel\framework\src\Illuminate\Pipeline\Pipeline.php:167
#37 \vendor\laravel\framework\src\Illuminate\Foundation\Http\Middleware\VerifyCsrfToken.php:78
#38 \vendor\laravel\framework\src\Illuminate\Pipeline\Pipeline.php:167
#39 \vendor\laravel\framework\src\Illuminate\View\Middleware\ShareErrorsFromSession.php:49
#40 \vendor\laravel\framework\src\Illuminate\Pipeline\Pipeline.php:167
#41 \vendor\laravel\framework\src\Illuminate\Session\Middleware\StartSession.php:121
#42 \vendor\laravel\framework\src\Illuminate\Session\Middleware\StartSession.php:64
#43 \vendor\laravel\framework\src\Illuminate\Pipeline\Pipeline.php:167
#44 \vendor\laravel\framework\src\Illuminate\Cookie\Middleware\AddQueuedCookiesToResponse.php:37
#45 \vendor\laravel\framework\src\Illuminate\Pipeline\Pipeline.php:167
#46 \vendor\laravel\framework\src\Illuminate\Cookie\Middleware\EncryptCookies.php:67
#47 \vendor\laravel\framework\src\Illuminate\Pipeline\Pipeline.php:167
#48 \vendor\laravel\framework\src\Illuminate\Pipeline\Pipeline.php:103
#49 \vendor\laravel\framework\src\Illuminate\Routing\Router.php:719
  
[2024-01-01 10:19:14] local.INFO: Detected N+1 Query  
[2024-01-01 10:19:14] local.INFO: Model: App\Models\Hrm\Attendance\Attendance
Relation: user
Num-Called: 9
Call-Stack:
#18 \storage\framework\views\8dfac622e118b9dc319b848275382833d75b12d4.php:56
#20 \vendor\laravel\framework\src\Illuminate\Filesystem\Filesystem.php:108
#21 \vendor\laravel\framework\src\Illuminate\View\Engines\PhpEngine.php:58
#22 \vendor\laravel\framework\src\Illuminate\View\Engines\CompilerEngine.php:61
#23 \vendor\facade\ignition\src\Views\Engines\CompilerEngine.php:37
#24 \vendor\laravel\framework\src\Illuminate\View\View.php:139
#25 \vendor\laravel\framework\src\Illuminate\View\View.php:122
#26 \vendor\laravel\framework\src\Illuminate\View\View.php:91
#27 \vendor\laravel\framework\src\Illuminate\Http\Response.php:69
#28 \vendor\laravel\framework\src\Illuminate\Http\Response.php:35
#29 \vendor\laravel\framework\src\Illuminate\Routing\Router.php:820
#30 \vendor\laravel\framework\src\Illuminate\Routing\Router.php:789
#31 \vendor\laravel\framework\src\Illuminate\Routing\Router.php:720
#32 \vendor\laravel\framework\src\Illuminate\Pipeline\Pipeline.php:128
#33 \app\Http\Middleware\Localization.php:22
#34 \vendor\laravel\framework\src\Illuminate\Pipeline\Pipeline.php:167
#35 \vendor\laravel\framework\src\Illuminate\Routing\Middleware\SubstituteBindings.php:50
#36 \vendor\laravel\framework\src\Illuminate\Pipeline\Pipeline.php:167
#37 \vendor\laravel\framework\src\Illuminate\Foundation\Http\Middleware\VerifyCsrfToken.php:78
#38 \vendor\laravel\framework\src\Illuminate\Pipeline\Pipeline.php:167
#39 \vendor\laravel\framework\src\Illuminate\View\Middleware\ShareErrorsFromSession.php:49
#40 \vendor\laravel\framework\src\Illuminate\Pipeline\Pipeline.php:167
#41 \vendor\laravel\framework\src\Illuminate\Session\Middleware\StartSession.php:121
#42 \vendor\laravel\framework\src\Illuminate\Session\Middleware\StartSession.php:64
#43 \vendor\laravel\framework\src\Illuminate\Pipeline\Pipeline.php:167
#44 \vendor\laravel\framework\src\Illuminate\Cookie\Middleware\AddQueuedCookiesToResponse.php:37
#45 \vendor\laravel\framework\src\Illuminate\Pipeline\Pipeline.php:167
#46 \vendor\laravel\framework\src\Illuminate\Cookie\Middleware\EncryptCookies.php:67
#47 \vendor\laravel\framework\src\Illuminate\Pipeline\Pipeline.php:167
#48 \vendor\laravel\framework\src\Illuminate\Pipeline\Pipeline.php:103
#49 \vendor\laravel\framework\src\Illuminate\Routing\Router.php:719
  
[2024-01-01 10:23:57] local.INFO: Detected N+1 Query  
[2024-01-01 10:23:57] local.INFO: Model: App\Models\Hrm\Attendance\Attendance
Relation: user
Num-Called: 9
Call-Stack:
#18 \storage\framework\views\8dfac622e118b9dc319b848275382833d75b12d4.php:56
#20 \vendor\laravel\framework\src\Illuminate\Filesystem\Filesystem.php:108
#21 \vendor\laravel\framework\src\Illuminate\View\Engines\PhpEngine.php:58
#22 \vendor\laravel\framework\src\Illuminate\View\Engines\CompilerEngine.php:61
#23 \vendor\facade\ignition\src\Views\Engines\CompilerEngine.php:37
#24 \vendor\laravel\framework\src\Illuminate\View\View.php:139
#25 \vendor\laravel\framework\src\Illuminate\View\View.php:122
#26 \vendor\laravel\framework\src\Illuminate\View\View.php:91
#27 \vendor\laravel\framework\src\Illuminate\Http\Response.php:69
#28 \vendor\laravel\framework\src\Illuminate\Http\Response.php:35
#29 \vendor\laravel\framework\src\Illuminate\Routing\Router.php:820
#30 \vendor\laravel\framework\src\Illuminate\Routing\Router.php:789
#31 \vendor\laravel\framework\src\Illuminate\Routing\Router.php:720
#32 \vendor\laravel\framework\src\Illuminate\Pipeline\Pipeline.php:128
#33 \app\Http\Middleware\Localization.php:22
#34 \vendor\laravel\framework\src\Illuminate\Pipeline\Pipeline.php:167
#35 \vendor\laravel\framework\src\Illuminate\Routing\Middleware\SubstituteBindings.php:50
#36 \vendor\laravel\framework\src\Illuminate\Pipeline\Pipeline.php:167
#37 \vendor\laravel\framework\src\Illuminate\Foundation\Http\Middleware\VerifyCsrfToken.php:78
#38 \vendor\laravel\framework\src\Illuminate\Pipeline\Pipeline.php:167
#39 \vendor\laravel\framework\src\Illuminate\View\Middleware\ShareErrorsFromSession.php:49
#40 \vendor\laravel\framework\src\Illuminate\Pipeline\Pipeline.php:167
#41 \vendor\laravel\framework\src\Illuminate\Session\Middleware\StartSession.php:121
#42 \vendor\laravel\framework\src\Illuminate\Session\Middleware\StartSession.php:64
#43 \vendor\laravel\framework\src\Illuminate\Pipeline\Pipeline.php:167
#44 \vendor\laravel\framework\src\Illuminate\Cookie\Middleware\AddQueuedCookiesToResponse.php:37
#45 \vendor\laravel\framework\src\Illuminate\Pipeline\Pipeline.php:167
#46 \vendor\laravel\framework\src\Illuminate\Cookie\Middleware\EncryptCookies.php:67
#47 \vendor\laravel\framework\src\Illuminate\Pipeline\Pipeline.php:167
#48 \vendor\laravel\framework\src\Illuminate\Pipeline\Pipeline.php:103
#49 \vendor\laravel\framework\src\Illuminate\Routing\Router.php:719
  
[2024-01-01 10:39:56] local.INFO: Detected N+1 Query  
[2024-01-01 10:39:56] local.INFO: Model: App\Models\Hrm\Attendance\Attendance
Relation: user
Num-Called: 9
Call-Stack:
#18 \storage\framework\views\8dfac622e118b9dc319b848275382833d75b12d4.php:56
#20 \vendor\laravel\framework\src\Illuminate\Filesystem\Filesystem.php:108
#21 \vendor\laravel\framework\src\Illuminate\View\Engines\PhpEngine.php:58
#22 \vendor\laravel\framework\src\Illuminate\View\Engines\CompilerEngine.php:61
#23 \vendor\facade\ignition\src\Views\Engines\CompilerEngine.php:37
#24 \vendor\laravel\framework\src\Illuminate\View\View.php:139
#25 \vendor\laravel\framework\src\Illuminate\View\View.php:122
#26 \vendor\laravel\framework\src\Illuminate\View\View.php:91
#27 \vendor\laravel\framework\src\Illuminate\Http\Response.php:69
#28 \vendor\laravel\framework\src\Illuminate\Http\Response.php:35
#29 \vendor\laravel\framework\src\Illuminate\Routing\Router.php:820
#30 \vendor\laravel\framework\src\Illuminate\Routing\Router.php:789
#31 \vendor\laravel\framework\src\Illuminate\Routing\Router.php:720
#32 \vendor\laravel\framework\src\Illuminate\Pipeline\Pipeline.php:128
#33 \app\Http\Middleware\Localization.php:22
#34 \vendor\laravel\framework\src\Illuminate\Pipeline\Pipeline.php:167
#35 \vendor\laravel\framework\src\Illuminate\Routing\Middleware\SubstituteBindings.php:50
#36 \vendor\laravel\framework\src\Illuminate\Pipeline\Pipeline.php:167
#37 \vendor\laravel\framework\src\Illuminate\Foundation\Http\Middleware\VerifyCsrfToken.php:78
#38 \vendor\laravel\framework\src\Illuminate\Pipeline\Pipeline.php:167
#39 \vendor\laravel\framework\src\Illuminate\View\Middleware\ShareErrorsFromSession.php:49
#40 \vendor\laravel\framework\src\Illuminate\Pipeline\Pipeline.php:167
#41 \vendor\laravel\framework\src\Illuminate\Session\Middleware\StartSession.php:121
#42 \vendor\laravel\framework\src\Illuminate\Session\Middleware\StartSession.php:64
#43 \vendor\laravel\framework\src\Illuminate\Pipeline\Pipeline.php:167
#44 \vendor\laravel\framework\src\Illuminate\Cookie\Middleware\AddQueuedCookiesToResponse.php:37
#45 \vendor\laravel\framework\src\Illuminate\Pipeline\Pipeline.php:167
#46 \vendor\laravel\framework\src\Illuminate\Cookie\Middleware\EncryptCookies.php:67
#47 \vendor\laravel\framework\src\Illuminate\Pipeline\Pipeline.php:167
#48 \vendor\laravel\framework\src\Illuminate\Pipeline\Pipeline.php:103
#49 \vendor\laravel\framework\src\Illuminate\Routing\Router.php:719
  
[2024-01-01 10:40:33] local.INFO: Detected N+1 Query  
[2024-01-01 10:40:33] local.INFO: Model: App\Models\Hrm\Attendance\Attendance
Relation: user
Num-Called: 9
Call-Stack:
#18 \storage\framework\views\8dfac622e118b9dc319b848275382833d75b12d4.php:56
#20 \vendor\laravel\framework\src\Illuminate\Filesystem\Filesystem.php:108
#21 \vendor\laravel\framework\src\Illuminate\View\Engines\PhpEngine.php:58
#22 \vendor\laravel\framework\src\Illuminate\View\Engines\CompilerEngine.php:61
#23 \vendor\facade\ignition\src\Views\Engines\CompilerEngine.php:37
#24 \vendor\laravel\framework\src\Illuminate\View\View.php:139
#25 \vendor\laravel\framework\src\Illuminate\View\View.php:122
#26 \vendor\laravel\framework\src\Illuminate\View\View.php:91
#27 \vendor\laravel\framework\src\Illuminate\Http\Response.php:69
#28 \vendor\laravel\framework\src\Illuminate\Http\Response.php:35
#29 \vendor\laravel\framework\src\Illuminate\Routing\Router.php:820
#30 \vendor\laravel\framework\src\Illuminate\Routing\Router.php:789
#31 \vendor\laravel\framework\src\Illuminate\Routing\Router.php:720
#32 \vendor\laravel\framework\src\Illuminate\Pipeline\Pipeline.php:128
#33 \app\Http\Middleware\Localization.php:22
#34 \vendor\laravel\framework\src\Illuminate\Pipeline\Pipeline.php:167
#35 \vendor\laravel\framework\src\Illuminate\Routing\Middleware\SubstituteBindings.php:50
#36 \vendor\laravel\framework\src\Illuminate\Pipeline\Pipeline.php:167
#37 \vendor\laravel\framework\src\Illuminate\Foundation\Http\Middleware\VerifyCsrfToken.php:78
#38 \vendor\laravel\framework\src\Illuminate\Pipeline\Pipeline.php:167
#39 \vendor\laravel\framework\src\Illuminate\View\Middleware\ShareErrorsFromSession.php:49
#40 \vendor\laravel\framework\src\Illuminate\Pipeline\Pipeline.php:167
#41 \vendor\laravel\framework\src\Illuminate\Session\Middleware\StartSession.php:121
#42 \vendor\laravel\framework\src\Illuminate\Session\Middleware\StartSession.php:64
#43 \vendor\laravel\framework\src\Illuminate\Pipeline\Pipeline.php:167
#44 \vendor\laravel\framework\src\Illuminate\Cookie\Middleware\AddQueuedCookiesToResponse.php:37
#45 \vendor\laravel\framework\src\Illuminate\Pipeline\Pipeline.php:167
#46 \vendor\laravel\framework\src\Illuminate\Cookie\Middleware\EncryptCookies.php:67
#47 \vendor\laravel\framework\src\Illuminate\Pipeline\Pipeline.php:167
#48 \vendor\laravel\framework\src\Illuminate\Pipeline\Pipeline.php:103
#49 \vendor\laravel\framework\src\Illuminate\Routing\Router.php:719
  
[2024-01-01 10:54:24] local.INFO: Detected N+1 Query  
[2024-01-01 10:54:24] local.INFO: Model: App\Models\Hrm\Attendance\Attendance
Relation: user
Num-Called: 9
Call-Stack:
#18 \storage\framework\views\8dfac622e118b9dc319b848275382833d75b12d4.php:56
#20 \vendor\laravel\framework\src\Illuminate\Filesystem\Filesystem.php:108
#21 \vendor\laravel\framework\src\Illuminate\View\Engines\PhpEngine.php:58
#22 \vendor\laravel\framework\src\Illuminate\View\Engines\CompilerEngine.php:61
#23 \vendor\facade\ignition\src\Views\Engines\CompilerEngine.php:37
#24 \vendor\laravel\framework\src\Illuminate\View\View.php:139
#25 \vendor\laravel\framework\src\Illuminate\View\View.php:122
#26 \vendor\laravel\framework\src\Illuminate\View\View.php:91
#27 \vendor\laravel\framework\src\Illuminate\Http\Response.php:69
#28 \vendor\laravel\framework\src\Illuminate\Http\Response.php:35
#29 \vendor\laravel\framework\src\Illuminate\Routing\Router.php:820
#30 \vendor\laravel\framework\src\Illuminate\Routing\Router.php:789
#31 \vendor\laravel\framework\src\Illuminate\Routing\Router.php:720
#32 \vendor\laravel\framework\src\Illuminate\Pipeline\Pipeline.php:128
#33 \app\Http\Middleware\Localization.php:22
#34 \vendor\laravel\framework\src\Illuminate\Pipeline\Pipeline.php:167
#35 \vendor\laravel\framework\src\Illuminate\Routing\Middleware\SubstituteBindings.php:50
#36 \vendor\laravel\framework\src\Illuminate\Pipeline\Pipeline.php:167
#37 \vendor\laravel\framework\src\Illuminate\Foundation\Http\Middleware\VerifyCsrfToken.php:78
#38 \vendor\laravel\framework\src\Illuminate\Pipeline\Pipeline.php:167
#39 \vendor\laravel\framework\src\Illuminate\View\Middleware\ShareErrorsFromSession.php:49
#40 \vendor\laravel\framework\src\Illuminate\Pipeline\Pipeline.php:167
#41 \vendor\laravel\framework\src\Illuminate\Session\Middleware\StartSession.php:121
#42 \vendor\laravel\framework\src\Illuminate\Session\Middleware\StartSession.php:64
#43 \vendor\laravel\framework\src\Illuminate\Pipeline\Pipeline.php:167
#44 \vendor\laravel\framework\src\Illuminate\Cookie\Middleware\AddQueuedCookiesToResponse.php:37
#45 \vendor\laravel\framework\src\Illuminate\Pipeline\Pipeline.php:167
#46 \vendor\laravel\framework\src\Illuminate\Cookie\Middleware\EncryptCookies.php:67
#47 \vendor\laravel\framework\src\Illuminate\Pipeline\Pipeline.php:167
#48 \vendor\laravel\framework\src\Illuminate\Pipeline\Pipeline.php:103
#49 \vendor\laravel\framework\src\Illuminate\Routing\Router.php:719
  
[2024-01-01 10:54:31] local.INFO: Detected N+1 Query  
[2024-01-01 10:54:31] local.INFO: Model: App\Models\Hrm\Attendance\Attendance
Relation: user
Num-Called: 21
Call-Stack:
#18 \app\Exports\AttendenceExport.php:34
#19 \vendor\maatwebsite\excel\src\Sheet.php:502
#20 \vendor\maatwebsite\excel\src\Sheet.php:215
#21 \vendor\maatwebsite\excel\src\Writer.php:72
#22 \vendor\maatwebsite\excel\src\Excel.php:195
#23 \vendor\maatwebsite\excel\src\Excel.php:84
#24 \vendor\laravel\framework\src\Illuminate\Support\Facades\Facade.php:261
#25 \app\Http\Controllers\AttendenceExportCont.php:53
#26 \vendor\laravel\framework\src\Illuminate\Routing\Controller.php:54
#27 \vendor\laravel\framework\src\Illuminate\Routing\ControllerDispatcher.php:45
#28 \vendor\laravel\framework\src\Illuminate\Routing\Route.php:261
#29 \vendor\laravel\framework\src\Illuminate\Routing\Route.php:205
#30 \vendor\laravel\framework\src\Illuminate\Routing\Router.php:721
#31 \vendor\laravel\framework\src\Illuminate\Pipeline\Pipeline.php:128
#32 \app\Http\Middleware\Localization.php:22
#33 \vendor\laravel\framework\src\Illuminate\Pipeline\Pipeline.php:167
#34 \vendor\laravel\framework\src\Illuminate\Routing\Middleware\SubstituteBindings.php:50
#35 \vendor\laravel\framework\src\Illuminate\Pipeline\Pipeline.php:167
#36 \vendor\laravel\framework\src\Illuminate\Foundation\Http\Middleware\VerifyCsrfToken.php:78
#37 \vendor\laravel\framework\src\Illuminate\Pipeline\Pipeline.php:167
#38 \vendor\laravel\framework\src\Illuminate\View\Middleware\ShareErrorsFromSession.php:49
#39 \vendor\laravel\framework\src\Illuminate\Pipeline\Pipeline.php:167
#40 \vendor\laravel\framework\src\Illuminate\Session\Middleware\StartSession.php:121
#41 \vendor\laravel\framework\src\Illuminate\Session\Middleware\StartSession.php:64
#42 \vendor\laravel\framework\src\Illuminate\Pipeline\Pipeline.php:167
#43 \vendor\laravel\framework\src\Illuminate\Cookie\Middleware\AddQueuedCookiesToResponse.php:37
#44 \vendor\laravel\framework\src\Illuminate\Pipeline\Pipeline.php:167
#45 \vendor\laravel\framework\src\Illuminate\Cookie\Middleware\EncryptCookies.php:67
#46 \vendor\laravel\framework\src\Illuminate\Pipeline\Pipeline.php:167
#47 \vendor\laravel\framework\src\Illuminate\Pipeline\Pipeline.php:103
#48 \vendor\laravel\framework\src\Illuminate\Routing\Router.php:719
#49 \vendor\laravel\framework\src\Illuminate\Routing\Router.php:698
  
[2024-01-01 10:55:03] local.INFO: Detected N+1 Query  
[2024-01-01 10:55:03] local.INFO: Model: App\Models\Hrm\Attendance\Attendance
Relation: user
Num-Called: 9
Call-Stack:
#18 \storage\framework\views\8dfac622e118b9dc319b848275382833d75b12d4.php:56
#20 \vendor\laravel\framework\src\Illuminate\Filesystem\Filesystem.php:108
#21 \vendor\laravel\framework\src\Illuminate\View\Engines\PhpEngine.php:58
#22 \vendor\laravel\framework\src\Illuminate\View\Engines\CompilerEngine.php:61
#23 \vendor\facade\ignition\src\Views\Engines\CompilerEngine.php:37
#24 \vendor\laravel\framework\src\Illuminate\View\View.php:139
#25 \vendor\laravel\framework\src\Illuminate\View\View.php:122
#26 \vendor\laravel\framework\src\Illuminate\View\View.php:91
#27 \vendor\laravel\framework\src\Illuminate\Http\Response.php:69
#28 \vendor\laravel\framework\src\Illuminate\Http\Response.php:35
#29 \vendor\laravel\framework\src\Illuminate\Routing\Router.php:820
#30 \vendor\laravel\framework\src\Illuminate\Routing\Router.php:789
#31 \vendor\laravel\framework\src\Illuminate\Routing\Router.php:720
#32 \vendor\laravel\framework\src\Illuminate\Pipeline\Pipeline.php:128
#33 \app\Http\Middleware\Localization.php:22
#34 \vendor\laravel\framework\src\Illuminate\Pipeline\Pipeline.php:167
#35 \vendor\laravel\framework\src\Illuminate\Routing\Middleware\SubstituteBindings.php:50
#36 \vendor\laravel\framework\src\Illuminate\Pipeline\Pipeline.php:167
#37 \vendor\laravel\framework\src\Illuminate\Foundation\Http\Middleware\VerifyCsrfToken.php:78
#38 \vendor\laravel\framework\src\Illuminate\Pipeline\Pipeline.php:167
#39 \vendor\laravel\framework\src\Illuminate\View\Middleware\ShareErrorsFromSession.php:49
#40 \vendor\laravel\framework\src\Illuminate\Pipeline\Pipeline.php:167
#41 \vendor\laravel\framework\src\Illuminate\Session\Middleware\StartSession.php:121
#42 \vendor\laravel\framework\src\Illuminate\Session\Middleware\StartSession.php:64
#43 \vendor\laravel\framework\src\Illuminate\Pipeline\Pipeline.php:167
#44 \vendor\laravel\framework\src\Illuminate\Cookie\Middleware\AddQueuedCookiesToResponse.php:37
#45 \vendor\laravel\framework\src\Illuminate\Pipeline\Pipeline.php:167
#46 \vendor\laravel\framework\src\Illuminate\Cookie\Middleware\EncryptCookies.php:67
#47 \vendor\laravel\framework\src\Illuminate\Pipeline\Pipeline.php:167
#48 \vendor\laravel\framework\src\Illuminate\Pipeline\Pipeline.php:103
#49 \vendor\laravel\framework\src\Illuminate\Routing\Router.php:719
  
[2024-01-01 10:55:08] local.INFO: Detected N+1 Query  
[2024-01-01 10:55:08] local.INFO: Model: App\Models\Hrm\Attendance\Attendance
Relation: user
Num-Called: 21
Call-Stack:
#18 \app\Exports\AttendenceExport.php:34
#19 \vendor\maatwebsite\excel\src\Sheet.php:502
#20 \vendor\maatwebsite\excel\src\Sheet.php:215
#21 \vendor\maatwebsite\excel\src\Writer.php:72
#22 \vendor\maatwebsite\excel\src\Excel.php:195
#23 \vendor\maatwebsite\excel\src\Excel.php:84
#24 \vendor\laravel\framework\src\Illuminate\Support\Facades\Facade.php:261
#25 \app\Http\Controllers\AttendenceExportCont.php:53
#26 \vendor\laravel\framework\src\Illuminate\Routing\Controller.php:54
#27 \vendor\laravel\framework\src\Illuminate\Routing\ControllerDispatcher.php:45
#28 \vendor\laravel\framework\src\Illuminate\Routing\Route.php:261
#29 \vendor\laravel\framework\src\Illuminate\Routing\Route.php:205
#30 \vendor\laravel\framework\src\Illuminate\Routing\Router.php:721
#31 \vendor\laravel\framework\src\Illuminate\Pipeline\Pipeline.php:128
#32 \app\Http\Middleware\Localization.php:22
#33 \vendor\laravel\framework\src\Illuminate\Pipeline\Pipeline.php:167
#34 \vendor\laravel\framework\src\Illuminate\Routing\Middleware\SubstituteBindings.php:50
#35 \vendor\laravel\framework\src\Illuminate\Pipeline\Pipeline.php:167
#36 \vendor\laravel\framework\src\Illuminate\Foundation\Http\Middleware\VerifyCsrfToken.php:78
#37 \vendor\laravel\framework\src\Illuminate\Pipeline\Pipeline.php:167
#38 \vendor\laravel\framework\src\Illuminate\View\Middleware\ShareErrorsFromSession.php:49
#39 \vendor\laravel\framework\src\Illuminate\Pipeline\Pipeline.php:167
#40 \vendor\laravel\framework\src\Illuminate\Session\Middleware\StartSession.php:121
#41 \vendor\laravel\framework\src\Illuminate\Session\Middleware\StartSession.php:64
#42 \vendor\laravel\framework\src\Illuminate\Pipeline\Pipeline.php:167
#43 \vendor\laravel\framework\src\Illuminate\Cookie\Middleware\AddQueuedCookiesToResponse.php:37
#44 \vendor\laravel\framework\src\Illuminate\Pipeline\Pipeline.php:167
#45 \vendor\laravel\framework\src\Illuminate\Cookie\Middleware\EncryptCookies.php:67
#46 \vendor\laravel\framework\src\Illuminate\Pipeline\Pipeline.php:167
#47 \vendor\laravel\framework\src\Illuminate\Pipeline\Pipeline.php:103
#48 \vendor\laravel\framework\src\Illuminate\Routing\Router.php:719
#49 \vendor\laravel\framework\src\Illuminate\Routing\Router.php:698
  
[2024-01-01 11:02:12] local.INFO: Detected N+1 Query  
[2024-01-01 11:02:12] local.INFO: Model: App\Models\Hrm\Attendance\Attendance
Relation: user
Num-Called: 9
Call-Stack:
#18 \storage\framework\views\8dfac622e118b9dc319b848275382833d75b12d4.php:56
#20 \vendor\laravel\framework\src\Illuminate\Filesystem\Filesystem.php:108
#21 \vendor\laravel\framework\src\Illuminate\View\Engines\PhpEngine.php:58
#22 \vendor\laravel\framework\src\Illuminate\View\Engines\CompilerEngine.php:61
#23 \vendor\facade\ignition\src\Views\Engines\CompilerEngine.php:37
#24 \vendor\laravel\framework\src\Illuminate\View\View.php:139
#25 \vendor\laravel\framework\src\Illuminate\View\View.php:122
#26 \vendor\laravel\framework\src\Illuminate\View\View.php:91
#27 \vendor\laravel\framework\src\Illuminate\Http\Response.php:69
#28 \vendor\laravel\framework\src\Illuminate\Http\Response.php:35
#29 \vendor\laravel\framework\src\Illuminate\Routing\Router.php:820
#30 \vendor\laravel\framework\src\Illuminate\Routing\Router.php:789
#31 \vendor\laravel\framework\src\Illuminate\Routing\Router.php:720
#32 \vendor\laravel\framework\src\Illuminate\Pipeline\Pipeline.php:128
#33 \app\Http\Middleware\Localization.php:22
#34 \vendor\laravel\framework\src\Illuminate\Pipeline\Pipeline.php:167
#35 \vendor\laravel\framework\src\Illuminate\Routing\Middleware\SubstituteBindings.php:50
#36 \vendor\laravel\framework\src\Illuminate\Pipeline\Pipeline.php:167
#37 \vendor\laravel\framework\src\Illuminate\Foundation\Http\Middleware\VerifyCsrfToken.php:78
#38 \vendor\laravel\framework\src\Illuminate\Pipeline\Pipeline.php:167
#39 \vendor\laravel\framework\src\Illuminate\View\Middleware\ShareErrorsFromSession.php:49
#40 \vendor\laravel\framework\src\Illuminate\Pipeline\Pipeline.php:167
#41 \vendor\laravel\framework\src\Illuminate\Session\Middleware\StartSession.php:121
#42 \vendor\laravel\framework\src\Illuminate\Session\Middleware\StartSession.php:64
#43 \vendor\laravel\framework\src\Illuminate\Pipeline\Pipeline.php:167
#44 \vendor\laravel\framework\src\Illuminate\Cookie\Middleware\AddQueuedCookiesToResponse.php:37
#45 \vendor\laravel\framework\src\Illuminate\Pipeline\Pipeline.php:167
#46 \vendor\laravel\framework\src\Illuminate\Cookie\Middleware\EncryptCookies.php:67
#47 \vendor\laravel\framework\src\Illuminate\Pipeline\Pipeline.php:167
#48 \vendor\laravel\framework\src\Illuminate\Pipeline\Pipeline.php:103
#49 \vendor\laravel\framework\src\Illuminate\Routing\Router.php:719
  
[2024-01-01 11:02:20] local.INFO: Detected N+1 Query  
[2024-01-01 11:02:20] local.INFO: Model: App\Models\Hrm\Attendance\Attendance
Relation: user
Num-Called: 21
Call-Stack:
#18 \app\Exports\AttendenceExport.php:34
#19 \vendor\maatwebsite\excel\src\Sheet.php:502
#20 \vendor\maatwebsite\excel\src\Sheet.php:215
#21 \vendor\maatwebsite\excel\src\Writer.php:72
#22 \vendor\maatwebsite\excel\src\Excel.php:195
#23 \vendor\maatwebsite\excel\src\Excel.php:84
#24 \vendor\laravel\framework\src\Illuminate\Support\Facades\Facade.php:261
#25 \app\Http\Controllers\AttendenceExportCont.php:53
#26 \vendor\laravel\framework\src\Illuminate\Routing\Controller.php:54
#27 \vendor\laravel\framework\src\Illuminate\Routing\ControllerDispatcher.php:45
#28 \vendor\laravel\framework\src\Illuminate\Routing\Route.php:261
#29 \vendor\laravel\framework\src\Illuminate\Routing\Route.php:205
#30 \vendor\laravel\framework\src\Illuminate\Routing\Router.php:721
#31 \vendor\laravel\framework\src\Illuminate\Pipeline\Pipeline.php:128
#32 \app\Http\Middleware\Localization.php:22
#33 \vendor\laravel\framework\src\Illuminate\Pipeline\Pipeline.php:167
#34 \vendor\laravel\framework\src\Illuminate\Routing\Middleware\SubstituteBindings.php:50
#35 \vendor\laravel\framework\src\Illuminate\Pipeline\Pipeline.php:167
#36 \vendor\laravel\framework\src\Illuminate\Foundation\Http\Middleware\VerifyCsrfToken.php:78
#37 \vendor\laravel\framework\src\Illuminate\Pipeline\Pipeline.php:167
#38 \vendor\laravel\framework\src\Illuminate\View\Middleware\ShareErrorsFromSession.php:49
#39 \vendor\laravel\framework\src\Illuminate\Pipeline\Pipeline.php:167
#40 \vendor\laravel\framework\src\Illuminate\Session\Middleware\StartSession.php:121
#41 \vendor\laravel\framework\src\Illuminate\Session\Middleware\StartSession.php:64
#42 \vendor\laravel\framework\src\Illuminate\Pipeline\Pipeline.php:167
#43 \vendor\laravel\framework\src\Illuminate\Cookie\Middleware\AddQueuedCookiesToResponse.php:37
#44 \vendor\laravel\framework\src\Illuminate\Pipeline\Pipeline.php:167
#45 \vendor\laravel\framework\src\Illuminate\Cookie\Middleware\EncryptCookies.php:67
#46 \vendor\laravel\framework\src\Illuminate\Pipeline\Pipeline.php:167
#47 \vendor\laravel\framework\src\Illuminate\Pipeline\Pipeline.php:103
#48 \vendor\laravel\framework\src\Illuminate\Routing\Router.php:719
#49 \vendor\laravel\framework\src\Illuminate\Routing\Router.php:698
  
[2024-01-01 11:05:34] local.INFO: Detected N+1 Query  
[2024-01-01 11:05:34] local.INFO: Model: App\Models\Hrm\Attendance\Attendance
Relation: user
Num-Called: 9
Call-Stack:
#18 \storage\framework\views\8dfac622e118b9dc319b848275382833d75b12d4.php:56
#20 \vendor\laravel\framework\src\Illuminate\Filesystem\Filesystem.php:108
#21 \vendor\laravel\framework\src\Illuminate\View\Engines\PhpEngine.php:58
#22 \vendor\laravel\framework\src\Illuminate\View\Engines\CompilerEngine.php:61
#23 \vendor\facade\ignition\src\Views\Engines\CompilerEngine.php:37
#24 \vendor\laravel\framework\src\Illuminate\View\View.php:139
#25 \vendor\laravel\framework\src\Illuminate\View\View.php:122
#26 \vendor\laravel\framework\src\Illuminate\View\View.php:91
#27 \vendor\laravel\framework\src\Illuminate\Http\Response.php:69
#28 \vendor\laravel\framework\src\Illuminate\Http\Response.php:35
#29 \vendor\laravel\framework\src\Illuminate\Routing\Router.php:820
#30 \vendor\laravel\framework\src\Illuminate\Routing\Router.php:789
#31 \vendor\laravel\framework\src\Illuminate\Routing\Router.php:720
#32 \vendor\laravel\framework\src\Illuminate\Pipeline\Pipeline.php:128
#33 \app\Http\Middleware\Localization.php:22
#34 \vendor\laravel\framework\src\Illuminate\Pipeline\Pipeline.php:167
#35 \vendor\laravel\framework\src\Illuminate\Routing\Middleware\SubstituteBindings.php:50
#36 \vendor\laravel\framework\src\Illuminate\Pipeline\Pipeline.php:167
#37 \vendor\laravel\framework\src\Illuminate\Foundation\Http\Middleware\VerifyCsrfToken.php:78
#38 \vendor\laravel\framework\src\Illuminate\Pipeline\Pipeline.php:167
#39 \vendor\laravel\framework\src\Illuminate\View\Middleware\ShareErrorsFromSession.php:49
#40 \vendor\laravel\framework\src\Illuminate\Pipeline\Pipeline.php:167
#41 \vendor\laravel\framework\src\Illuminate\Session\Middleware\StartSession.php:121
#42 \vendor\laravel\framework\src\Illuminate\Session\Middleware\StartSession.php:64
#43 \vendor\laravel\framework\src\Illuminate\Pipeline\Pipeline.php:167
#44 \vendor\laravel\framework\src\Illuminate\Cookie\Middleware\AddQueuedCookiesToResponse.php:37
#45 \vendor\laravel\framework\src\Illuminate\Pipeline\Pipeline.php:167
#46 \vendor\laravel\framework\src\Illuminate\Cookie\Middleware\EncryptCookies.php:67
#47 \vendor\laravel\framework\src\Illuminate\Pipeline\Pipeline.php:167
#48 \vendor\laravel\framework\src\Illuminate\Pipeline\Pipeline.php:103
#49 \vendor\laravel\framework\src\Illuminate\Routing\Router.php:719
  
[2024-01-01 11:18:56] local.INFO: Detected N+1 Query  
[2024-01-01 11:18:56] local.INFO: Model: App\Models\Hrm\Attendance\Attendance
Relation: user
Num-Called: 9
Call-Stack:
#18 \storage\framework\views\8dfac622e118b9dc319b848275382833d75b12d4.php:55
#20 \vendor\laravel\framework\src\Illuminate\Filesystem\Filesystem.php:108
#21 \vendor\laravel\framework\src\Illuminate\View\Engines\PhpEngine.php:58
#22 \vendor\laravel\framework\src\Illuminate\View\Engines\CompilerEngine.php:61
#23 \vendor\facade\ignition\src\Views\Engines\CompilerEngine.php:37
#24 \vendor\laravel\framework\src\Illuminate\View\View.php:139
#25 \vendor\laravel\framework\src\Illuminate\View\View.php:122
#26 \vendor\laravel\framework\src\Illuminate\View\View.php:91
#27 \vendor\maatwebsite\excel\src\Sheet.php:447
#28 \vendor\maatwebsite\excel\src\Sheet.php:208
#29 \vendor\maatwebsite\excel\src\Writer.php:72
#30 \vendor\maatwebsite\excel\src\Excel.php:195
#31 \vendor\maatwebsite\excel\src\Excel.php:84
#32 \vendor\laravel\framework\src\Illuminate\Support\Facades\Facade.php:261
#33 \app\Http\Controllers\AttendenceExportCont.php:41
#34 \vendor\laravel\framework\src\Illuminate\Routing\Controller.php:54
#35 \vendor\laravel\framework\src\Illuminate\Routing\ControllerDispatcher.php:45
#36 \vendor\laravel\framework\src\Illuminate\Routing\Route.php:261
#37 \vendor\laravel\framework\src\Illuminate\Routing\Route.php:205
#38 \vendor\laravel\framework\src\Illuminate\Routing\Router.php:721
#39 \vendor\laravel\framework\src\Illuminate\Pipeline\Pipeline.php:128
#40 \app\Http\Middleware\Localization.php:22
#41 \vendor\laravel\framework\src\Illuminate\Pipeline\Pipeline.php:167
#42 \vendor\laravel\framework\src\Illuminate\Routing\Middleware\SubstituteBindings.php:50
#43 \vendor\laravel\framework\src\Illuminate\Pipeline\Pipeline.php:167
#44 \vendor\laravel\framework\src\Illuminate\Foundation\Http\Middleware\VerifyCsrfToken.php:78
#45 \vendor\laravel\framework\src\Illuminate\Pipeline\Pipeline.php:167
#46 \vendor\laravel\framework\src\Illuminate\View\Middleware\ShareErrorsFromSession.php:49
#47 \vendor\laravel\framework\src\Illuminate\Pipeline\Pipeline.php:167
#48 \vendor\laravel\framework\src\Illuminate\Session\Middleware\StartSession.php:121
#49 \vendor\laravel\framework\src\Illuminate\Session\Middleware\StartSession.php:64
  
[2024-01-01 11:21:22] local.INFO: Detected N+1 Query  
[2024-01-01 11:21:22] local.INFO: Model: App\Models\Hrm\Attendance\Attendance
Relation: user
Num-Called: 9
Call-Stack:
#18 \storage\framework\views\8dfac622e118b9dc319b848275382833d75b12d4.php:55
#20 \vendor\laravel\framework\src\Illuminate\Filesystem\Filesystem.php:108
#21 \vendor\laravel\framework\src\Illuminate\View\Engines\PhpEngine.php:58
#22 \vendor\laravel\framework\src\Illuminate\View\Engines\CompilerEngine.php:61
#23 \vendor\facade\ignition\src\Views\Engines\CompilerEngine.php:37
#24 \vendor\laravel\framework\src\Illuminate\View\View.php:139
#25 \vendor\laravel\framework\src\Illuminate\View\View.php:122
#26 \vendor\laravel\framework\src\Illuminate\View\View.php:91
#27 \vendor\maatwebsite\excel\src\Sheet.php:447
#28 \vendor\maatwebsite\excel\src\Sheet.php:208
#29 \vendor\maatwebsite\excel\src\Writer.php:72
#30 \vendor\maatwebsite\excel\src\Excel.php:195
#31 \vendor\maatwebsite\excel\src\Excel.php:84
#32 \vendor\laravel\framework\src\Illuminate\Support\Facades\Facade.php:261
#33 \app\Http\Controllers\AttendenceExportCont.php:41
#34 \vendor\laravel\framework\src\Illuminate\Routing\Controller.php:54
#35 \vendor\laravel\framework\src\Illuminate\Routing\ControllerDispatcher.php:45
#36 \vendor\laravel\framework\src\Illuminate\Routing\Route.php:261
#37 \vendor\laravel\framework\src\Illuminate\Routing\Route.php:205
#38 \vendor\laravel\framework\src\Illuminate\Routing\Router.php:721
#39 \vendor\laravel\framework\src\Illuminate\Pipeline\Pipeline.php:128
#40 \app\Http\Middleware\Localization.php:22
#41 \vendor\laravel\framework\src\Illuminate\Pipeline\Pipeline.php:167
#42 \vendor\laravel\framework\src\Illuminate\Routing\Middleware\SubstituteBindings.php:50
#43 \vendor\laravel\framework\src\Illuminate\Pipeline\Pipeline.php:167
#44 \vendor\laravel\framework\src\Illuminate\Foundation\Http\Middleware\VerifyCsrfToken.php:78
#45 \vendor\laravel\framework\src\Illuminate\Pipeline\Pipeline.php:167
#46 \vendor\laravel\framework\src\Illuminate\View\Middleware\ShareErrorsFromSession.php:49
#47 \vendor\laravel\framework\src\Illuminate\Pipeline\Pipeline.php:167
#48 \vendor\laravel\framework\src\Illuminate\Session\Middleware\StartSession.php:121
#49 \vendor\laravel\framework\src\Illuminate\Session\Middleware\StartSession.php:64
  
[2024-01-01 11:24:05] local.INFO: Detected N+1 Query  
[2024-01-01 11:24:05] local.INFO: Model: App\Models\Hrm\Attendance\Attendance
Relation: user
Num-Called: 9
Call-Stack:
#18 \storage\framework\views\8dfac622e118b9dc319b848275382833d75b12d4.php:55
#20 \vendor\laravel\framework\src\Illuminate\Filesystem\Filesystem.php:108
#21 \vendor\laravel\framework\src\Illuminate\View\Engines\PhpEngine.php:58
#22 \vendor\laravel\framework\src\Illuminate\View\Engines\CompilerEngine.php:61
#23 \vendor\facade\ignition\src\Views\Engines\CompilerEngine.php:37
#24 \vendor\laravel\framework\src\Illuminate\View\View.php:139
#25 \vendor\laravel\framework\src\Illuminate\View\View.php:122
#26 \vendor\laravel\framework\src\Illuminate\View\View.php:91
#27 \vendor\maatwebsite\excel\src\Sheet.php:447
#28 \vendor\maatwebsite\excel\src\Sheet.php:208
#29 \vendor\maatwebsite\excel\src\Writer.php:72
#30 \vendor\maatwebsite\excel\src\Excel.php:195
#31 \vendor\maatwebsite\excel\src\Excel.php:84
#32 \vendor\laravel\framework\src\Illuminate\Support\Facades\Facade.php:261
#33 \app\Http\Controllers\AttendenceExportCont.php:41
#34 \vendor\laravel\framework\src\Illuminate\Routing\Controller.php:54
#35 \vendor\laravel\framework\src\Illuminate\Routing\ControllerDispatcher.php:45
#36 \vendor\laravel\framework\src\Illuminate\Routing\Route.php:261
#37 \vendor\laravel\framework\src\Illuminate\Routing\Route.php:205
#38 \vendor\laravel\framework\src\Illuminate\Routing\Router.php:721
#39 \vendor\laravel\framework\src\Illuminate\Pipeline\Pipeline.php:128
#40 \app\Http\Middleware\Localization.php:22
#41 \vendor\laravel\framework\src\Illuminate\Pipeline\Pipeline.php:167
#42 \vendor\laravel\framework\src\Illuminate\Routing\Middleware\SubstituteBindings.php:50
#43 \vendor\laravel\framework\src\Illuminate\Pipeline\Pipeline.php:167
#44 \vendor\laravel\framework\src\Illuminate\Foundation\Http\Middleware\VerifyCsrfToken.php:78
#45 \vendor\laravel\framework\src\Illuminate\Pipeline\Pipeline.php:167
#46 \vendor\laravel\framework\src\Illuminate\View\Middleware\ShareErrorsFromSession.php:49
#47 \vendor\laravel\framework\src\Illuminate\Pipeline\Pipeline.php:167
#48 \vendor\laravel\framework\src\Illuminate\Session\Middleware\StartSession.php:121
#49 \vendor\laravel\framework\src\Illuminate\Session\Middleware\StartSession.php:64
  
[2024-01-01 11:27:02] local.INFO: Detected N+1 Query  
[2024-01-01 11:27:02] local.INFO: Model: App\Models\Hrm\Attendance\Attendance
Relation: user
Num-Called: 9
Call-Stack:
#18 \storage\framework\views\8dfac622e118b9dc319b848275382833d75b12d4.php:49
#20 \vendor\laravel\framework\src\Illuminate\Filesystem\Filesystem.php:108
#21 \vendor\laravel\framework\src\Illuminate\View\Engines\PhpEngine.php:58
#22 \vendor\laravel\framework\src\Illuminate\View\Engines\CompilerEngine.php:61
#23 \vendor\facade\ignition\src\Views\Engines\CompilerEngine.php:37
#24 \vendor\laravel\framework\src\Illuminate\View\View.php:139
#25 \vendor\laravel\framework\src\Illuminate\View\View.php:122
#26 \vendor\laravel\framework\src\Illuminate\View\View.php:91
#27 \vendor\laravel\framework\src\Illuminate\Http\Response.php:69
#28 \vendor\laravel\framework\src\Illuminate\Http\Response.php:35
#29 \vendor\laravel\framework\src\Illuminate\Routing\Router.php:820
#30 \vendor\laravel\framework\src\Illuminate\Routing\Router.php:789
#31 \vendor\laravel\framework\src\Illuminate\Routing\Router.php:720
#32 \vendor\laravel\framework\src\Illuminate\Pipeline\Pipeline.php:128
#33 \app\Http\Middleware\Localization.php:22
#34 \vendor\laravel\framework\src\Illuminate\Pipeline\Pipeline.php:167
#35 \vendor\laravel\framework\src\Illuminate\Routing\Middleware\SubstituteBindings.php:50
#36 \vendor\laravel\framework\src\Illuminate\Pipeline\Pipeline.php:167
#37 \vendor\laravel\framework\src\Illuminate\Foundation\Http\Middleware\VerifyCsrfToken.php:78
#38 \vendor\laravel\framework\src\Illuminate\Pipeline\Pipeline.php:167
#39 \vendor\laravel\framework\src\Illuminate\View\Middleware\ShareErrorsFromSession.php:49
#40 \vendor\laravel\framework\src\Illuminate\Pipeline\Pipeline.php:167
#41 \vendor\laravel\framework\src\Illuminate\Session\Middleware\StartSession.php:121
#42 \vendor\laravel\framework\src\Illuminate\Session\Middleware\StartSession.php:64
#43 \vendor\laravel\framework\src\Illuminate\Pipeline\Pipeline.php:167
#44 \vendor\laravel\framework\src\Illuminate\Cookie\Middleware\AddQueuedCookiesToResponse.php:37
#45 \vendor\laravel\framework\src\Illuminate\Pipeline\Pipeline.php:167
#46 \vendor\laravel\framework\src\Illuminate\Cookie\Middleware\EncryptCookies.php:67
#47 \vendor\laravel\framework\src\Illuminate\Pipeline\Pipeline.php:167
#48 \vendor\laravel\framework\src\Illuminate\Pipeline\Pipeline.php:103
#49 \vendor\laravel\framework\src\Illuminate\Routing\Router.php:719
  
[2024-01-01 15:05:12] local.INFO: Detected N+1 Query  
[2024-01-01 15:05:12] local.INFO: Model: App\Models\Hrm\Attendance\Attendance
Relation: user
Num-Called: 9
Call-Stack:
#18 \storage\framework\views\8dfac622e118b9dc319b848275382833d75b12d4.php:49
#20 \vendor\laravel\framework\src\Illuminate\Filesystem\Filesystem.php:108
#21 \vendor\laravel\framework\src\Illuminate\View\Engines\PhpEngine.php:58
#22 \vendor\laravel\framework\src\Illuminate\View\Engines\CompilerEngine.php:61
#23 \vendor\facade\ignition\src\Views\Engines\CompilerEngine.php:37
#24 \vendor\laravel\framework\src\Illuminate\View\View.php:139
#25 \vendor\laravel\framework\src\Illuminate\View\View.php:122
#26 \vendor\laravel\framework\src\Illuminate\View\View.php:91
#27 \vendor\laravel\framework\src\Illuminate\Http\Response.php:69
#28 \vendor\laravel\framework\src\Illuminate\Http\Response.php:35
#29 \vendor\laravel\framework\src\Illuminate\Routing\Router.php:820
#30 \vendor\laravel\framework\src\Illuminate\Routing\Router.php:789
#31 \vendor\laravel\framework\src\Illuminate\Routing\Router.php:720
#32 \vendor\laravel\framework\src\Illuminate\Pipeline\Pipeline.php:128
#33 \app\Http\Middleware\Localization.php:22
#34 \vendor\laravel\framework\src\Illuminate\Pipeline\Pipeline.php:167
#35 \vendor\laravel\framework\src\Illuminate\Routing\Middleware\SubstituteBindings.php:50
#36 \vendor\laravel\framework\src\Illuminate\Pipeline\Pipeline.php:167
#37 \vendor\laravel\framework\src\Illuminate\Foundation\Http\Middleware\VerifyCsrfToken.php:78
#38 \vendor\laravel\framework\src\Illuminate\Pipeline\Pipeline.php:167
#39 \vendor\laravel\framework\src\Illuminate\View\Middleware\ShareErrorsFromSession.php:49
#40 \vendor\laravel\framework\src\Illuminate\Pipeline\Pipeline.php:167
#41 \vendor\laravel\framework\src\Illuminate\Session\Middleware\StartSession.php:121
#42 \vendor\laravel\framework\src\Illuminate\Session\Middleware\StartSession.php:64
#43 \vendor\laravel\framework\src\Illuminate\Pipeline\Pipeline.php:167
#44 \vendor\laravel\framework\src\Illuminate\Cookie\Middleware\AddQueuedCookiesToResponse.php:37
#45 \vendor\laravel\framework\src\Illuminate\Pipeline\Pipeline.php:167
#46 \vendor\laravel\framework\src\Illuminate\Cookie\Middleware\EncryptCookies.php:67
#47 \vendor\laravel\framework\src\Illuminate\Pipeline\Pipeline.php:167
#48 \vendor\laravel\framework\src\Illuminate\Pipeline\Pipeline.php:103
#49 \vendor\laravel\framework\src\Illuminate\Routing\Router.php:719
  
